-------------------------------------------------------------------------------
Test set: ChangeUserDataWithAuthorizationTests
-------------------------------------------------------------------------------
Tests run: 4, Failures: 1, Errors: 0, Skipped: 0, Time elapsed: 9.66 s <<< FAILURE! - in ChangeUserDataWithAuthorizationTests
errorChangeUserEmailExist(ChangeUserDataWithAuthorizationTests)  Time elapsed: 1.278 s  <<< FAILURE!
java.lang.AssertionError: 
1 expectation failed.
Expected status code <403> but was <200>.

	at ChangeUserDataWithAuthorizationTests.errorChangeUserEmailExist(ChangeUserDataWithAuthorizationTests.java:72)

