<?xml version="1.0" encoding="UTF-8"?>
<testsuite xmlns:xsi="http://www.w3.org/2001/XMLSchema-instance" xsi:noNamespaceSchemaLocation="https://maven.apache.org/surefire/maven-surefire-plugin/xsd/surefire-test-report.xsd" name="GetOrdersTests" time="3.462" tests="2" errors="0" skipped="0" failures="0">
  <properties>
[...]
</properties>
  <testcase name="errorGetOrdersUserUnauthorized" classname="GetOrdersTests" time="1.234"/>
  <testcase name="successfulGetOrdersUser" classname="GetOrdersTests" time="2.207"/>
</testsuite>